[maraviyainfotech.com/projects/erratum/main/particles/login.html]
[backblue.gif]
[fade.gif]
[index.html]
[maraviyainfotech.com/projects/erratum/main/particles/assets/images/favicon.png]
[maraviyainfotech.com/projects/erratum/main/particles/assets/css/bootstrap.css]
[maraviyainfotech.com/projects/erratum/main/particles/assets/css/login.css]
[maraviyainfotech.com/projects/erratum/main/particles/assets/css/fontawesome.css]
[maraviyainfotech.com/projects/erratum/main/particles/assets/images/logo-2.png]
[maraviyainfotech.com/projects/erratum/main/particles/forgot.html]
[maraviyainfotech.com/projects/erratum/main/particles/signup.html]
[maraviyainfotech.com/projects/erratum/main/particles/assets/js/jquery-3.5.1.min.js]
[maraviyainfotech.com/projects/erratum/main/particles/assets/js/particles.min.js]
[maraviyainfotech.com/projects/erratum/main/particles/assets/js/app.js]
[maraviyainfotech.com/projects/erratum/main/particles/assets/js/script.js]
[maraviyainfotech.com/projects/erratum/main/particles/login.html]
[maraviyainfotech.com/projects/erratum/main/particles/assets/css/bootstrap.css]
[maraviyainfotech.com/projects/erratum/main/particles/assets/fonts/fa-brands-400.eot]
[maraviyainfotech.com/projects/erratum/main/particles/assets/fonts/fa-brands-400d41d.eot]
[maraviyainfotech.com/projects/erratum/main/particles/assets/fonts/fa-brands-400.woff2]
[maraviyainfotech.com/projects/erratum/main/particles/assets/fonts/fa-brands-400.woff]
[maraviyainfotech.com/projects/erratum/main/particles/assets/fonts/fa-brands-400.ttf]
[maraviyainfotech.com/projects/erratum/main/particles/assets/fonts/fa-brands-400.svg]
[maraviyainfotech.com/projects/erratum/main/particles/assets/fonts/fa-regular-400.eot]
[maraviyainfotech.com/projects/erratum/main/particles/assets/fonts/fa-regular-400d41d.eot]
[maraviyainfotech.com/projects/erratum/main/particles/assets/fonts/fa-regular-400.woff2]
[maraviyainfotech.com/projects/erratum/main/particles/assets/fonts/fa-regular-400.woff]
[maraviyainfotech.com/projects/erratum/main/particles/assets/fonts/fa-regular-400.ttf]
[maraviyainfotech.com/projects/erratum/main/particles/assets/fonts/fa-regular-400.svg]
[maraviyainfotech.com/projects/erratum/main/particles/assets/fonts/fa-solid-900.eot]
[maraviyainfotech.com/projects/erratum/main/particles/assets/fonts/fa-solid-900.woff2]
[maraviyainfotech.com/projects/erratum/main/particles/assets/fonts/fa-solid-900d41d.eot]
[maraviyainfotech.com/projects/erratum/main/particles/assets/fonts/fa-solid-900.woff]
[maraviyainfotech.com/projects/erratum/main/particles/assets/fonts/fa-solid-900.ttf]
[maraviyainfotech.com/projects/erratum/main/particles/assets/css/fontawesome.css]
[maraviyainfotech.com/projects/erratum/main/particles/assets/fonts/fa-solid-900.svg]
[maraviyainfotech.com/projects/erratum/main/particles/assets/images/background-1.jpg]
[maraviyainfotech.com/projects/erratum/main/particles/assets/css/login.css]
[maraviyainfotech.com/projects/erratum/main/particles/forgot.html]
[maraviyainfotech.com/projects/erratum/main/particles/signup.html]
[maraviyainfotech.com/projects/erratum/main/particles/assets/js/jquery-3.5.1.min.js]
[maraviyainfotech.com/projects/erratum/main/particles/GET]
[maraviyainfotech.com/projects/erratum/main/particles/Error pJS - No image.src]
[maraviyainfotech.com/projects/erratum/main/particles/assets/js/particles.min.js]
[maraviyainfotech.com/projects/erratum/main/particles/assets/js/app.js]
[maraviyainfotech.com/projects/erratum/main/particles/assets/js/script.js]
[maraviyainfotech.com/projects/erratum/main/particles/assets/fonts/fa-brands-400.svg]
[maraviyainfotech.com/projects/erratum/main/particles/assets/fonts/fa-regular-400.svg]
[maraviyainfotech.com/projects/erratum/main/particles/assets/fonts/fa-solid-900.svg]
[maraviyainfotech.com/projects/erratum/main/particles/GET.html]
[maraviyainfotech.com/projects/erratum/main/particles/Error pJS - No image.html]
